0 info it worked if it ends with ok
1 verbose cli [ '/opt/local/bin/node', '/opt/local/bin/npm', 'install' ]
2 info using npm@1.2.30
3 info using node@v0.10.11
4 verbose read json /Users/Ricky/junk/3D-Monopoly/3D-Monopoly/package.json
5 warn package.json application-name@0.0.1 No repository field.
6 verbose readDependencies using package.json deps
7 verbose install where, deps [ '/Users/Ricky/junk/3D-Monopoly/3D-Monopoly',
7 verbose install   [ 'express', 'ejs', '3dMonopoly.js' ] ]
8 verbose from cache /Users/Ricky/junk/3D-Monopoly/3D-Monopoly/package.json
9 info preinstall application-name@0.0.1
10 verbose from cache /Users/Ricky/junk/3D-Monopoly/3D-Monopoly/package.json
11 verbose readDependencies using package.json deps
12 verbose cache add [ '3dMonopoly.js@*', null ]
13 verbose cache add name=undefined spec="3dMonopoly.js@*" args=["3dMonopoly.js@*",null]
14 verbose parsed url { protocol: null,
14 verbose parsed url   slashes: null,
14 verbose parsed url   auth: null,
14 verbose parsed url   host: null,
14 verbose parsed url   port: null,
14 verbose parsed url   hostname: null,
14 verbose parsed url   hash: null,
14 verbose parsed url   search: null,
14 verbose parsed url   query: null,
14 verbose parsed url   pathname: '3dMonopoly.js@*',
14 verbose parsed url   path: '3dMonopoly.js@*',
14 verbose parsed url   href: '3dMonopoly.js@*' }
15 verbose cache add name="3dMonopoly.js" spec="*" args=["3dMonopoly.js","*"]
16 verbose parsed url { protocol: null,
16 verbose parsed url   slashes: null,
16 verbose parsed url   auth: null,
16 verbose parsed url   host: null,
16 verbose parsed url   port: null,
16 verbose parsed url   hostname: null,
16 verbose parsed url   hash: null,
16 verbose parsed url   search: null,
16 verbose parsed url   query: null,
16 verbose parsed url   pathname: '*',
16 verbose parsed url   path: '*',
16 verbose parsed url   href: '*' }
17 verbose addNamed [ '3dMonopoly.js', '*' ]
18 verbose addNamed [ null, '' ]
19 verbose cache add [ 'express@3.4.0', null ]
20 verbose cache add name=undefined spec="express@3.4.0" args=["express@3.4.0",null]
21 verbose parsed url { protocol: null,
21 verbose parsed url   slashes: null,
21 verbose parsed url   auth: null,
21 verbose parsed url   host: null,
21 verbose parsed url   port: null,
21 verbose parsed url   hostname: null,
21 verbose parsed url   hash: null,
21 verbose parsed url   search: null,
21 verbose parsed url   query: null,
21 verbose parsed url   pathname: 'express@3.4.0',
21 verbose parsed url   path: 'express@3.4.0',
21 verbose parsed url   href: 'express@3.4.0' }
22 verbose cache add name="express" spec="3.4.0" args=["express","3.4.0"]
23 verbose parsed url { protocol: null,
23 verbose parsed url   slashes: null,
23 verbose parsed url   auth: null,
23 verbose parsed url   host: null,
23 verbose parsed url   port: null,
23 verbose parsed url   hostname: null,
23 verbose parsed url   hash: null,
23 verbose parsed url   search: null,
23 verbose parsed url   query: null,
23 verbose parsed url   pathname: '3.4.0',
23 verbose parsed url   path: '3.4.0',
23 verbose parsed url   href: '3.4.0' }
24 verbose addNamed [ 'express', '3.4.0' ]
25 verbose addNamed [ '3.4.0', '3.4.0' ]
26 verbose cache add [ 'ejs@*', null ]
27 verbose cache add name=undefined spec="ejs@*" args=["ejs@*",null]
28 verbose parsed url { protocol: null,
28 verbose parsed url   slashes: null,
28 verbose parsed url   auth: null,
28 verbose parsed url   host: null,
28 verbose parsed url   port: null,
28 verbose parsed url   hostname: null,
28 verbose parsed url   hash: null,
28 verbose parsed url   search: null,
28 verbose parsed url   query: null,
28 verbose parsed url   pathname: 'ejs@*',
28 verbose parsed url   path: 'ejs@*',
28 verbose parsed url   href: 'ejs@*' }
29 verbose cache add name="ejs" spec="*" args=["ejs","*"]
30 verbose parsed url { protocol: null,
30 verbose parsed url   slashes: null,
30 verbose parsed url   auth: null,
30 verbose parsed url   host: null,
30 verbose parsed url   port: null,
30 verbose parsed url   hostname: null,
30 verbose parsed url   hash: null,
30 verbose parsed url   search: null,
30 verbose parsed url   query: null,
30 verbose parsed url   pathname: '*',
30 verbose parsed url   path: '*',
30 verbose parsed url   href: '*' }
31 verbose addNamed [ 'ejs', '*' ]
32 verbose addNamed [ null, '' ]
33 silly lockFile cedfe9ab-3dMonopoly-js 3dMonopoly.js@*
34 verbose lock 3dMonopoly.js@* /Users/Ricky/.npm/cedfe9ab-3dMonopoly-js.lock
35 silly lockFile 86194427-express-3-4-0 express@3.4.0
36 verbose lock express@3.4.0 /Users/Ricky/.npm/86194427-express-3-4-0.lock
37 silly lockFile 9d73ed50-ejs ejs@*
38 verbose lock ejs@* /Users/Ricky/.npm/9d73ed50-ejs.lock
39 silly addNameRange { name: '3dMonopoly.js', range: '', hasData: false }
40 verbose url raw 3dMonopoly.js
41 verbose url resolving [ 'https://registry.npmjs.org/', './3dMonopoly.js' ]
42 verbose url resolved https://registry.npmjs.org/3dMonopoly.js
43 info trying registry request attempt 1 at 18:58:21
44 http GET https://registry.npmjs.org/3dMonopoly.js
45 silly addNameRange { name: 'ejs', range: '', hasData: false }
46 verbose url raw express/3.4.0
47 verbose url resolving [ 'https://registry.npmjs.org/', './express/3.4.0' ]
48 verbose url resolved https://registry.npmjs.org/express/3.4.0
49 info trying registry request attempt 1 at 18:58:22
50 http GET https://registry.npmjs.org/express/3.4.0
51 verbose url raw ejs
52 verbose url resolving [ 'https://registry.npmjs.org/', './ejs' ]
53 verbose url resolved https://registry.npmjs.org/ejs
54 info trying registry request attempt 1 at 18:58:22
55 verbose etag "E8ID99F00XH9C25QIZBV10GPC"
56 http GET https://registry.npmjs.org/ejs
57 http 404 https://registry.npmjs.org/3dMonopoly.js
58 silly registry.get cb [ 404,
58 silly registry.get   { server: 'CouchDB/1.3.1 (Erlang OTP/R15B03)',
58 silly registry.get     date: 'Tue, 29 Oct 2013 22:58:22 GMT',
58 silly registry.get     'content-type': 'application/json',
58 silly registry.get     'content-length': '52',
58 silly registry.get     'cache-control': 'must-revalidate' } ]
59 silly lockFile cedfe9ab-3dMonopoly-js 3dMonopoly.js@*
60 silly lockFile cedfe9ab-3dMonopoly-js 3dMonopoly.js@*
61 http 304 https://registry.npmjs.org/ejs
62 silly registry.get cb [ 304,
62 silly registry.get   { server: 'CouchDB/1.3.1 (Erlang OTP/R15B03)',
62 silly registry.get     etag: '"E8ID99F00XH9C25QIZBV10GPC"',
62 silly registry.get     date: 'Tue, 29 Oct 2013 22:58:22 GMT',
62 silly registry.get     'content-length': '0' } ]
63 verbose etag ejs from cache
64 error 404 '3dMonopoly.js' is not in the npm registry.
64 error 404 You should bug the author to publish it
64 error 404
64 error 404 Maybe try 'npm search 3d onopoly'
64 error 404
64 error 404 Note that you can also install from a
64 error 404 tarball, folder, or http url, or git url.
65 error System Darwin 13.0.0
66 error command "/opt/local/bin/node" "/opt/local/bin/npm" "install"
67 error cwd /Users/Ricky/junk/3D-Monopoly/3D-Monopoly
68 error node -v v0.10.11
69 error npm -v 1.2.30
70 error code E404
71 verbose exit [ 1, true ]
